<?xml version="1.0" encoding="UTF-8"?>
<!-- Generated by org.testng.reporters.JUnitReportReporter -->
<testsuite hostname="HDC2-L-70FQHG3" failures="0" tests="1" name="test.CheckoutProcessTest" time="78.833" errors="0" timestamp="2022-12-15T16:47:36 IST" skipped="0">
  <testcase classname="test.CheckoutProcessTest" name="verifyCheckoutProcess" time="78.833"/>
  <system-out/>
</testsuite> <!-- test.CheckoutProcessTest -->
